<?xml version="1.0" encoding="UTF-8"?>
<!-- Generated by org.testng.reporters.JUnitXMLReporter -->
<testsuite hostname="DESKTOP-A15KATA" name="Default test" tests="4" failures="0" timestamp="27 Apr 2019 18:43:07 GMT" time="15.606" errors="0">
  <testcase name="Login" time="5.857" classname="flipkartDataVerification.FlipkartDataVerification"/>
  <testcase name="searchIDIPadPro" time="4.538" classname="flipkartDataVerification.FlipkartDataVerification"/>
  <testcase name="searchIDIPhoneX" time="3.675" classname="flipkartDataVerification.FlipkartDataVerification"/>
  <testcase name="searchIDOnePlus6T" time="1.515" classname="flipkartDataVerification.FlipkartDataVerification"/>
</testsuite> <!-- Default test -->
